<?xml version="1.0" encoding="UTF-8"?>
<testng-results ignored="0" total="4" passed="4" failed="0" skipped="0">
  <reporter-output>
  </reporter-output>
  <suite started-at="2026-07-09T22:53:20 IST" name="Default suite" finished-at="2026-07-09T22:54:32 IST" duration-ms="72057">
    <groups>
    </groups>
    <test started-at="2026-07-09T22:53:20 IST" name="Default test" finished-at="2026-07-09T22:54:32 IST" duration-ms="72057">
      <class name="tests.EmployeeLifeCycleTest">
        <test-method is-config="true" signature="setup()[pri:0, instance:tests.EmployeeLifeCycleTest@45c7e403]" started-at="2026-07-09T22:53:20 IST" name="setup" finished-at="2026-07-09T22:53:30 IST" duration-ms="9401" status="PASS">
          <reporter-output>
          </reporter-output>
        </test-method> <!-- setup -->
        <test-method is-config="true" signature="initialize()[pri:0, instance:tests.EmployeeLifeCycleTest@45c7e403]" started-at="2026-07-09T22:53:30 IST" name="initialize" finished-at="2026-07-09T22:53:34 IST" duration-ms="4108" status="PASS">
          <reporter-output>
          </reporter-output>
        </test-method> <!-- initialize -->
        <test-method signature="addEmployee()[pri:1, instance:tests.EmployeeLifeCycleTest@45c7e403]" started-at="2026-07-09T22:53:34 IST" name="addEmployee" finished-at="2026-07-09T22:53:45 IST" duration-ms="11541" status="PASS">
          <reporter-output>
          </reporter-output>
        </test-method> <!-- addEmployee -->
        <test-method signature="searchEmployee()[pri:2, instance:tests.EmployeeLifeCycleTest@45c7e403]" started-at="2026-07-09T22:53:45 IST" name="searchEmployee" finished-at="2026-07-09T22:53:53 IST" duration-ms="7887" status="PASS">
          <reporter-output>
          </reporter-output>
        </test-method> <!-- searchEmployee -->
        <test-method signature="editEmployee()[pri:3, instance:tests.EmployeeLifeCycleTest@45c7e403]" started-at="2026-07-09T22:53:53 IST" name="editEmployee" finished-at="2026-07-09T22:54:19 IST" duration-ms="26107" status="PASS">
          <reporter-output>
          </reporter-output>
        </test-method> <!-- editEmployee -->
        <test-method signature="deleteEmployee()[pri:4, instance:tests.EmployeeLifeCycleTest@45c7e403]" started-at="2026-07-09T22:54:19 IST" name="deleteEmployee" finished-at="2026-07-09T22:54:32 IST" duration-ms="12521" status="PASS">
          <reporter-output>
          </reporter-output>
        </test-method> <!-- deleteEmployee -->
        <test-method is-config="true" signature="tearDown()[pri:0, instance:tests.EmployeeLifeCycleTest@45c7e403]" started-at="2026-07-09T22:54:32 IST" name="tearDown" finished-at="2026-07-09T22:54:32 IST" duration-ms="379" status="PASS">
          <reporter-output>
          </reporter-output>
        </test-method> <!-- tearDown -->
      </class> <!-- tests.EmployeeLifeCycleTest -->
    </test> <!-- Default test -->
  </suite> <!-- Default suite -->
</testng-results>
