<?xml version="1.0" encoding="UTF-8"?>
<testsuite xmlns:xsi="http://www.w3.org/2001/XMLSchema-instance" xsi:noNamespaceSchemaLocation="https://maven.apache.org/surefire/maven-surefire-plugin/xsd/surefire-test-report.xsd" version="3.0.2" name="TestSuite" time="124.172" tests="4" errors="0" skipped="0" failures="1">
  <properties>
[...]
</properties>
  <testcase name="verifyAddEmployee" classname="tests.AddEmployeeTest" time="13.41">
    <system-out><![CDATA[URL after login = https://opensource-demo.orangehrmlive.com/web/index.php/dashboard/index
After PIM Click URL = https://opensource-demo.orangehrmlive.com/web/index.php/pim/viewEmployeeList
Current URL in Add Employee = https://opensource-demo.orangehrmlive.com/web/index.php/pim/viewEmployeeList
After clicking Add
URL after Add Click = https://opensource-demo.orangehrmlive.com/web/index.php/pim/addEmployee
Clicked Save
Employee Added Successfully
URL After Save = https://opensource-demo.orangehrmlive.com/web/index.php/pim/viewPersonalDetails/empNumber/261
]]></system-out>
    <system-err><![CDATA[SLF4J(W): No SLF4J providers were found.
SLF4J(W): Defaulting to no-operation (NOP) logger implementation
SLF4J(W): See https://www.slf4j.org/codes.html#noProviders for further details.
Jul 09, 2026 8:30:40 PM org.openqa.selenium.devtools.CdpVersionFinder findNearestMatch
WARNING: Unable to find an exact match for CDP version 149, returning the closest version; found: 147; Please update to a Selenium version that supports CDP version 149
]]></system-err>
  </testcase>
  <testcase name="verifyDeleteEmployee" classname="tests.DeleteEmployeeTest" time="34.372">
    <failure message="Expected condition failed: waiting for element found by By.xpath: //i[contains(@class,&apos;bi-trash&apos;)] to be clickable, but the element was not found: org.openqa.selenium.NoSuchElementException: no such element: Unable to locate element: {&quot;method&quot;:&quot;xpath&quot;,&quot;selector&quot;:&quot;//i[contains(@class,&apos;bi-trash&apos;)]&quot;}.&#10;(tried for 20 seconds with 500 milliseconds interval)&#10;Build info: version: &apos;4.43.0&apos;, revision: &apos;dd0f534&apos;&#10;System info: os.name: &apos;Windows 10&apos;, os.arch: &apos;amd64&apos;, os.version: &apos;10.0&apos;, java.version: &apos;21.0.10&apos;&#10;Driver info: org.openqa.selenium.chrome.ChromeDriver&#10;Capabilities {acceptInsecureCerts: false, browserName: chrome, browserVersion: 149.0.7827.199, chrome: {chromedriverVersion: 149.0.7827.155 (07b52360cc1..., userDataDir: C:\Users\Shradha\AppData\Lo...}, fedcm:accounts: true, goog:chromeOptions: {debuggerAddress: localhost:55858}, goog:processID: 5904, networkConnectionEnabled: false, pageLoadStrategy: normal, platformName: windows, proxy: Proxy(), se:cdp: ws://localhost:55858/devtoo..., se:cdpVersion: 149.0.7827.199, setWindowRect: true, strictFileInteractability: false, timeouts: {implicit: 0, pageLoad: 300000, script: 30000}, unhandledPromptBehavior: dismiss and notify, webauthn:extension:credBlob: true, webauthn:extension:largeBlob: true, webauthn:extension:minPinLength: true, webauthn:extension:prf: true, webauthn:virtualAuthenticators: true}&#10;Session ID: 74c6e5506cd56f2aabf375805d5b26ea" type="org.openqa.selenium.TimeoutException"><![CDATA[org.openqa.selenium.TimeoutException: 
Expected condition failed: waiting for element found by By.xpath: //i[contains(@class,'bi-trash')] to be clickable, but the element was not found: org.openqa.selenium.NoSuchElementException: no such element: Unable to locate element: {"method":"xpath","selector":"//i[contains(@class,'bi-trash')]"}.
(tried for 20 seconds with 500 milliseconds interval)
Build info: version: '4.43.0', revision: 'dd0f534'
System info: os.name: 'Windows 10', os.arch: 'amd64', os.version: '10.0', java.version: '21.0.10'
Driver info: org.openqa.selenium.chrome.ChromeDriver
Capabilities {acceptInsecureCerts: false, browserName: chrome, browserVersion: 149.0.7827.199, chrome: {chromedriverVersion: 149.0.7827.155 (07b52360cc1..., userDataDir: C:\Users\Shradha\AppData\Lo...}, fedcm:accounts: true, goog:chromeOptions: {debuggerAddress: localhost:55858}, goog:processID: 5904, networkConnectionEnabled: false, pageLoadStrategy: normal, platformName: windows, proxy: Proxy(), se:cdp: ws://localhost:55858/devtoo..., se:cdpVersion: 149.0.7827.199, setWindowRect: true, strictFileInteractability: false, timeouts: {implicit: 0, pageLoad: 300000, script: 30000}, unhandledPromptBehavior: dismiss and notify, webauthn:extension:credBlob: true, webauthn:extension:largeBlob: true, webauthn:extension:minPinLength: true, webauthn:extension:prf: true, webauthn:virtualAuthenticators: true}
Session ID: 74c6e5506cd56f2aabf375805d5b26ea
	at org.openqa.selenium.support.ui.WebDriverWait.timeoutException(WebDriverWait.java:85)
	at org.openqa.selenium.support.ui.FluentWait.until(FluentWait.java:234)
	at pages.PIMPage.deleteEmployee(PIMPage.java:195)
	at tests.DeleteEmployeeTest.verifyDeleteEmployee(DeleteEmployeeTest.java:30)
	at java.base/jdk.internal.reflect.DirectMethodHandleAccessor.invoke(DirectMethodHandleAccessor.java:103)
	at java.base/java.lang.reflect.Method.invoke(Method.java:580)
	at org.testng.internal.invokers.MethodInvocationHelper.invokeMethod(MethodInvocationHelper.java:141)
	at org.testng.internal.invokers.TestInvoker.invokeMethod(TestInvoker.java:697)
	at org.testng.internal.invokers.TestInvoker.invokeTestMethod(TestInvoker.java:230)
	at org.testng.internal.invokers.MethodRunner.runInSequence(MethodRunner.java:63)
	at org.testng.internal.invokers.TestInvoker$MethodInvocationAgent.invoke(TestInvoker.java:1005)
	at org.testng.internal.invokers.TestInvoker.invokeTestMethods(TestInvoker.java:203)
	at org.testng.internal.invokers.TestMethodWorker.invokeTestMethods(TestMethodWorker.java:154)
	at org.testng.internal.invokers.TestMethodWorker.run(TestMethodWorker.java:134)
	at java.base/java.util.ArrayList.forEach(ArrayList.java:1596)
	at org.testng.TestRunner.privateRun(TestRunner.java:744)
	at org.testng.TestRunner.run(TestRunner.java:616)
	at org.testng.SuiteRunner.runTest(SuiteRunner.java:421)
	at org.testng.SuiteRunner.runSequentially(SuiteRunner.java:413)
	at org.testng.SuiteRunner.privateRun(SuiteRunner.java:373)
	at org.testng.SuiteRunner.run(SuiteRunner.java:312)
	at org.testng.SuiteRunnerWorker.runSuite(SuiteRunnerWorker.java:52)
	at org.testng.SuiteRunnerWorker.run(SuiteRunnerWorker.java:95)
	at org.testng.TestNG.runSuitesSequentially(TestNG.java:1274)
	at org.testng.TestNG.runSuitesLocally(TestNG.java:1208)
	at org.testng.TestNG.runSuites(TestNG.java:1112)
	at org.testng.TestNG.run(TestNG.java:1079)
	at org.apache.maven.surefire.testng.TestNGExecutor.run(TestNGExecutor.java:155)
	at org.apache.maven.surefire.testng.TestNGDirectoryTestSuite.executeMulti(TestNGDirectoryTestSuite.java:169)
	at org.apache.maven.surefire.testng.TestNGDirectoryTestSuite.execute(TestNGDirectoryTestSuite.java:88)
	at org.apache.maven.surefire.testng.TestNGProvider.invoke(TestNGProvider.java:137)
	at org.apache.maven.surefire.booter.ForkedBooter.runSuitesInProcess(ForkedBooter.java:385)
	at org.apache.maven.surefire.booter.ForkedBooter.execute(ForkedBooter.java:162)
	at org.apache.maven.surefire.booter.ForkedBooter.run(ForkedBooter.java:507)
	at org.apache.maven.surefire.booter.ForkedBooter.main(ForkedBooter.java:495)
]]></failure>
    <system-out><![CDATA[After PIM Click URL = https://opensource-demo.orangehrmlive.com/web/index.php/pim/viewEmployeeList
PIM page opened
Employee Searched Successfully
Employee Name : Rahul K Sharma
]]></system-out>
    <system-err><![CDATA[Jul 09, 2026 8:31:10 PM org.openqa.selenium.devtools.CdpVersionFinder findNearestMatch
WARNING: Unable to find an exact match for CDP version 149, returning the closest version; found: 147; Please update to a Selenium version that supports CDP version 149
]]></system-err>
  </testcase>
  <testcase name="verifyEditEmployee" classname="tests.EditEmployeeTest" time="20.525">
    <system-out><![CDATA[After PIM Click URL = https://opensource-demo.orangehrmlive.com/web/index.php/pim/viewEmployeeList
Employee Searched Successfully
Employee Name : Rahul K Patil
URL after Edit Click = https://opensource-demo.orangehrmlive.com/web/index.php/pim/viewPersonalDetails/empNumber/261
Old Last Name = Patil
New Last Name = Sharma
]]></system-out>
    <system-err><![CDATA[Jul 09, 2026 8:31:54 PM org.openqa.selenium.devtools.CdpVersionFinder findNearestMatch
WARNING: Unable to find an exact match for CDP version 149, returning the closest version; found: 147; Please update to a Selenium version that supports CDP version 149
]]></system-err>
  </testcase>
  <testcase name="verifySearchEmployee" classname="tests.SearchEmployeeTest" time="13.393">
    <system-out><![CDATA[After PIM Click URL = https://opensource-demo.orangehrmlive.com/web/index.php/pim/viewEmployeeList
Employee Searched Successfully
Employee Name : Rahul K Patil
]]></system-out>
    <system-err><![CDATA[Jul 09, 2026 8:32:21 PM org.openqa.selenium.devtools.CdpVersionFinder findNearestMatch
WARNING: Unable to find an exact match for CDP version 149, returning the closest version; found: 147; Please update to a Selenium version that supports CDP version 149
]]></system-err>
  </testcase>
</testsuite>