<?xml version="1.0" encoding="UTF-8"?>
<!-- Generated by org.testng.reporters.JUnitReportReporter -->
<testsuite hostname="DESKTOP-P3Q4SN6" failures="0" tests="4" name="tests.EmployeeLifeCycleTest" time="58.056" errors="0" timestamp="2026-07-09T22:54:33 IST" skipped="0">
  <testcase classname="tests.EmployeeLifeCycleTest" name="addEmployee" time="11.541"/>
  <testcase classname="tests.EmployeeLifeCycleTest" name="searchEmployee" time="7.887"/>
  <testcase classname="tests.EmployeeLifeCycleTest" name="editEmployee" time="26.107"/>
  <testcase classname="tests.EmployeeLifeCycleTest" name="deleteEmployee" time="12.521"/>
</testsuite> <!-- tests.EmployeeLifeCycleTest -->
